<?xml version="1.0" encoding="UTF-8"?>
<!-- Generated by org.testng.reporters.JUnitReportReporter -->
<testsuite hostname="DESKTOP-RJ88POF" failures="0" tests="1" name="com.webapp.editortests.EditorTests" time="10.769" errors="0" timestamp="2020-08-10T02:05:40 IST" skipped="0">
  <testcase classname="com.webapp.editortests.EditorTests" name="defaultEditorValueTest" time="10.769"/>
  <system-out/>
</testsuite> <!-- com.webapp.editortests.EditorTests -->
