<?xml version="1.0" encoding="UTF-8"?>
<!-- Generated by org.testng.reporters.JUnitReportReporter -->
<testsuite hostname="DESKTOP-RJ88POF" failures="0" tests="3" name="com.webapp.uploadtests.UploadTests" time="37.159" errors="0" timestamp="2020-12-08T00:59:23 IST" skipped="0">
  <testcase classname="com.webapp.uploadtests.UploadTests" name="fileUploadTest" time="11.829"/>
  <system-out/>
  <testcase classname="com.webapp.uploadtests.UploadTests" name="fileUploadTest" time="12.230"/>
  <system-out/>
  <testcase classname="com.webapp.uploadtests.UploadTests" name="fileUploadTest" time="13.100"/>
  <system-out/>
</testsuite> <!-- com.webapp.uploadtests.UploadTests -->
