<?xml version="1.0" encoding="UTF-8"?>
<!-- Generated by org.testng.reporters.JUnitReportReporter -->
<testsuite hostname="DESKTOP-RJ88POF" failures="0" tests="1" name="com.webapp.editortests.EditorTests" time="20.018" errors="0" timestamp="2020-10-24T16:00:44 IST" skipped="0">
  <testcase classname="com.webapp.editortests.EditorTests" name="defaultEditorValueTest" time="20.018"/>
  <system-out/>
</testsuite> <!-- com.webapp.editortests.EditorTests -->
