<?xml version="1.0" encoding="UTF-8"?>
<!-- Generated by org.testng.reporters.JUnitReportReporter -->
<testsuite skipped="0" hostname="DESKTOP-RJ88POF" name="com.webapp.editortests.EditorTests" tests="1" failures="0" timestamp="2020-08-10T02:01:44 IST" time="10.725" errors="0">
  <testcase name="defaultEditorValueTest" time="10.725" classname="com.webapp.editortests.EditorTests"/>
  <system-out/>
</testsuite> <!-- com.webapp.editortests.EditorTests -->
