<?xml version="1.0" encoding="UTF-8"?>
<!-- Generated by org.testng.reporters.JUnitReportReporter -->
<testsuite hostname="DESKTOP-RJ88POF" failures="0" tests="1" name="com.webapp.editortests.EditorTests" time="30.364" errors="0" timestamp="2020-10-15T23:16:53 IST" skipped="0">
  <testcase classname="com.webapp.editortests.EditorTests" name="defaultEditorValueTest" time="30.364"/>
  <system-out/>
</testsuite> <!-- com.webapp.editortests.EditorTests -->
